[INFO] [1775237268.837559479] [preprocessing]: HelloWorld - PreprocessingNode: v0.3
[INFO] [1775237268.837843676] [preprocessing]: Change algorithm called with: tile_parallel_gr
Starting Preprocessing!
[INFO] [1775237296.393234153] [preprocessing]: GROUND_REMOVAL_LATENCY: 26 ms
[INFO] [1775237296.429190818] [preprocessing]: GROUND_REMOVAL_LATENCY: 22 ms
[INFO] [1775237296.453437675] [preprocessing]: GROUND_REMOVAL_LATENCY: 15 ms
[INFO] [1775237296.471650790] [preprocessing]: GROUND_REMOVAL_LATENCY: 11 ms
[INFO] [1775237296.488066261] [preprocessing]: GROUND_REMOVAL_LATENCY: 11 ms
[INFO] [1775237296.504960853] [preprocessing]: GROUND_REMOVAL_LATENCY: 11 ms
[INFO] [1775237296.531335127] [preprocessing]: GROUND_REMOVAL_LATENCY: 18 ms
[INFO] [1775237296.551458924] [preprocessing]: GROUND_REMOVAL_LATENCY: 14 ms
[INFO] [1775237296.573794921] [preprocessing]: GROUND_REMOVAL_LATENCY: 16 ms
[INFO] [1775237296.593838911] [preprocessing]: GROUND_REMOVAL_LATENCY: 14 ms
[INFO] [1775237296.595021961] [preprocessing]: Lidar Angle: 12.900000
[INFO] [1775237296.615264511] [preprocessing]: GROUND_REMOVAL_LATENCY: 15 ms
[INFO] [1775237296.639748925] [preprocessing]: GROUND_REMOVAL_LATENCY: 17 ms
[INFO] [1775237296.664930409] [preprocessing]: GROUND_REMOVAL_LATENCY: 17 ms
[INFO] [1775237296.688342743] [preprocessing]: GROUND_REMOVAL_LATENCY: 17 ms
[INFO] [1775237296.710703141] [preprocessing]: GROUND_REMOVAL_LATENCY: 15 ms
[INFO] [1775237296.741021784] [preprocessing]: GROUND_REMOVAL_LATENCY: 23 ms
[INFO] [1775237296.767835849] [preprocessing]: GROUND_REMOVAL_LATENCY: 19 ms
[INFO] [1775237296.855649491] [preprocessing]: GROUND_REMOVAL_LATENCY: 13 ms
[INFO] [1775237296.934186516] [preprocessing]: GROUND_REMOVAL_LATENCY: 15 ms
[INFO] [1775237297.077149834] [preprocessing]: GROUND_REMOVAL_LATENCY: 17 ms
[INFO] [1775237297.140574517] [preprocessing]: GROUND_REMOVAL_LATENCY: 12 ms
[INFO] [1775237297.279621825] [preprocessing]: GROUND_REMOVAL_LATENCY: 25 ms
[INFO] [1775237297.393288995] [preprocessing]: GROUND_REMOVAL_LATENCY: 32 ms
[INFO] [1775237297.450975724] [preprocessing]: GROUND_REMOVAL_LATENCY: 18 ms
[INFO] [1775237297.605912673] [preprocessing]: GROUND_REMOVAL_LATENCY: 37 ms
[INFO] [1775237297.662506350] [preprocessing]: GROUND_REMOVAL_LATENCY: 22 ms
[INFO] [1775237297.793326016] [preprocessing]: GROUND_REMOVAL_LATENCY: 41 ms
[INFO] [1775237297.856403630] [preprocessing]: GROUND_REMOVAL_LATENCY: 17 ms
[INFO] [1775237297.943052462] [preprocessing]: GROUND_REMOVAL_LATENCY: 15 ms
[INFO] [1775237298.069763503] [preprocessing]: GROUND_REMOVAL_LATENCY: 23 ms
[INFO] [1775237298.144076590] [preprocessing]: GROUND_REMOVAL_LATENCY: 14 ms
[INFO] [1775237298.276076786] [preprocessing]: GROUND_REMOVAL_LATENCY: 25 ms
[INFO] [1775237298.361496181] [preprocessing]: GROUND_REMOVAL_LATENCY: 17 ms
[INFO] [1775237298.462621988] [preprocessing]: GROUND_REMOVAL_LATENCY: 14 ms
[INFO] [1775237298.551736573] [preprocessing]: GROUND_REMOVAL_LATENCY: 20 ms
[INFO] [1775237298.652296188] [preprocessing]: GROUND_REMOVAL_LATENCY: 21 ms
[INFO] [1775237298.775800453] [preprocessing]: GROUND_REMOVAL_LATENCY: 14 ms
[INFO] [1775237298.851206740] [preprocessing]: GROUND_REMOVAL_LATENCY: 19 ms
[INFO] [1775237298.982548313] [preprocessing]: GROUND_REMOVAL_LATENCY: 13 ms
[INFO] [1775237299.073708068] [preprocessing]: GROUND_REMOVAL_LATENCY: 31 ms
[INFO] [1775237299.161498735] [preprocessing]: GROUND_REMOVAL_LATENCY: 15 ms
[INFO] [1775237299.254154298] [preprocessing]: GROUND_REMOVAL_LATENCY: 20 ms
[INFO] [1775237299.382573639] [preprocessing]: GROUND_REMOVAL_LATENCY: 16 ms
[INFO] [1775237299.466077450] [preprocessing]: GROUND_REMOVAL_LATENCY: 24 ms
[INFO] [1775237299.569302294] [preprocessing]: GROUND_REMOVAL_LATENCY: 15 ms
[INFO] [1775237299.644966707] [preprocessing]: GROUND_REMOVAL_LATENCY: 14 ms
[INFO] [1775237299.771832774] [preprocessing]: GROUND_REMOVAL_LATENCY: 19 ms
[INFO] [1775237299.895905785] [preprocessing]: GROUND_REMOVAL_LATENCY: 41 ms
[INFO] [1775237299.959467465] [preprocessing]: GROUND_REMOVAL_LATENCY: 16 ms
[INFO] [1775237300.070265396] [preprocessing]: GROUND_REMOVAL_LATENCY: 23 ms
[INFO] [1775237300.147278785] [preprocessing]: GROUND_REMOVAL_LATENCY: 16 ms
[INFO] [1775237300.289796839] [preprocessing]: GROUND_REMOVAL_LATENCY: 33 ms
[INFO] [1775237300.364256730] [preprocessing]: GROUND_REMOVAL_LATENCY: 20 ms
[INFO] [1775237300.446369159] [preprocessing]: GROUND_REMOVAL_LATENCY: 16 ms
[INFO] [1775237300.573591426] [preprocessing]: GROUND_REMOVAL_LATENCY: 15 ms
[INFO] [1775237300.639809122] [preprocessing]: GROUND_REMOVAL_LATENCY: 20 ms
[INFO] [1775237300.780539819] [preprocessing]: GROUND_REMOVAL_LATENCY: 25 ms
[INFO] [1775237300.889635214] [preprocessing]: GROUND_REMOVAL_LATENCY: 46 ms
[INFO] [1775237300.996084007] [preprocessing]: GROUND_REMOVAL_LATENCY: 29 ms
[INFO] [1775237301.046327589] [preprocessing]: GROUND_REMOVAL_LATENCY: 18 ms
[INFO] [1775237301.177245404] [preprocessing]: GROUND_REMOVAL_LATENCY: 17 ms
[INFO] [1775237301.294477432] [preprocessing]: GROUND_REMOVAL_LATENCY: 44 ms
[INFO] [1775237301.383185942] [preprocessing]: GROUND_REMOVAL_LATENCY: 35 ms
[INFO] [1775237301.485665753] [preprocessing]: GROUND_REMOVAL_LATENCY: 23 ms
[INFO] [1775237301.550545632] [preprocessing]: GROUND_REMOVAL_LATENCY: 25 ms
[INFO] [1775237301.670539273] [preprocessing]: GROUND_REMOVAL_LATENCY: 19 ms
[INFO] [1775237301.757608991] [preprocessing]: GROUND_REMOVAL_LATENCY: 16 ms
[INFO] [1775237301.884246311] [preprocessing]: GROUND_REMOVAL_LATENCY: 15 ms
[INFO] [1775237301.994737097] [preprocessing]: GROUND_REMOVAL_LATENCY: 25 ms
[INFO] [1775237302.049632440] [preprocessing]: GROUND_REMOVAL_LATENCY: 20 ms
[INFO] [1775237302.172044908] [preprocessing]: GROUND_REMOVAL_LATENCY: 14 ms
[INFO] [1775237302.249325767] [preprocessing]: GROUND_REMOVAL_LATENCY: 18 ms
[INFO] [1775237302.363604728] [preprocessing]: GROUND_REMOVAL_LATENCY: 15 ms
[INFO] [1775237302.441372859] [preprocessing]: GROUND_REMOVAL_LATENCY: 12 ms
[INFO] [1775237302.570944028] [preprocessing]: GROUND_REMOVAL_LATENCY: 12 ms
[INFO] [1775237302.653162572] [preprocessing]: GROUND_REMOVAL_LATENCY: 13 ms
[INFO] [1775237302.740728741] [preprocessing]: GROUND_REMOVAL_LATENCY: 21 ms
[INFO] [1775237302.882922115] [preprocessing]: GROUND_REMOVAL_LATENCY: 18 ms
[INFO] [1775237302.960199906] [preprocessing]: GROUND_REMOVAL_LATENCY: 10 ms
[INFO] [1775237303.048656239] [preprocessing]: GROUND_REMOVAL_LATENCY: 17 ms
[INFO] [1775237303.149960223] [preprocessing]: GROUND_REMOVAL_LATENCY: 16 ms
[INFO] [1775237303.263268245] [preprocessing]: GROUND_REMOVAL_LATENCY: 24 ms
[INFO] [1775237303.368295244] [preprocessing]: GROUND_REMOVAL_LATENCY: 16 ms
[INFO] [1775237303.490141804] [preprocessing]: GROUND_REMOVAL_LATENCY: 22 ms
[INFO] [1775237303.542995832] [preprocessing]: GROUND_REMOVAL_LATENCY: 12 ms
[INFO] [1775237303.671215293] [preprocessing]: GROUND_REMOVAL_LATENCY: 14 ms
[INFO] [1775237303.760337604] [preprocessing]: GROUND_REMOVAL_LATENCY: 27 ms
[INFO] [1775237303.889709096] [preprocessing]: GROUND_REMOVAL_LATENCY: 32 ms
[INFO] [1775237303.977871545] [preprocessing]: GROUND_REMOVAL_LATENCY: 36 ms
[INFO] [1775237304.096933464] [preprocessing]: GROUND_REMOVAL_LATENCY: 28 ms
[INFO] [1775237304.148511208] [preprocessing]: GROUND_REMOVAL_LATENCY: 17 ms
[INFO] [1775237304.283345759] [preprocessing]: GROUND_REMOVAL_LATENCY: 34 ms
[INFO] [1775237304.344072157] [preprocessing]: GROUND_REMOVAL_LATENCY: 19 ms
[INFO] [1775237304.463609751] [preprocessing]: GROUND_REMOVAL_LATENCY: 12 ms
[INFO] [1775237304.546370397] [preprocessing]: GROUND_REMOVAL_LATENCY: 16 ms
[INFO] [1775237304.663318826] [preprocessing]: GROUND_REMOVAL_LATENCY: 13 ms
[INFO] [1775237304.740723758] [preprocessing]: GROUND_REMOVAL_LATENCY: 16 ms
[INFO] [1775237304.854044019] [preprocessing]: GROUND_REMOVAL_LATENCY: 14 ms
[INFO] [1775237304.931419353] [preprocessing]: GROUND_REMOVAL_LATENCY: 11 ms
[INFO] [1775237305.086488461] [preprocessing]: GROUND_REMOVAL_LATENCY: 27 ms
[INFO] [1775237305.155771905] [preprocessing]: GROUND_REMOVAL_LATENCY: 24 ms
[INFO] [1775237305.257352152] [preprocessing]: GROUND_REMOVAL_LATENCY: 20 ms
[INFO] [1775237305.406110124] [preprocessing]: GROUND_REMOVAL_LATENCY: 29 ms
[INFO] [1775237305.461750909] [preprocessing]: GROUND_REMOVAL_LATENCY: 30 ms
[INFO] [1775237305.591073327] [preprocessing]: GROUND_REMOVAL_LATENCY: 26 ms
[INFO] [1775237305.668670527] [preprocessing]: GROUND_REMOVAL_LATENCY: 29 ms
[INFO] [1775237305.790855601] [preprocessing]: GROUND_REMOVAL_LATENCY: 29 ms
[INFO] [1775237305.845090223] [preprocessing]: GROUND_REMOVAL_LATENCY: 15 ms
[INFO] [1775237305.958003588] [preprocessing]: GROUND_REMOVAL_LATENCY: 12 ms
[INFO] [1775237306.058743564] [preprocessing]: GROUND_REMOVAL_LATENCY: 20 ms
[INFO] [1775237306.175872956] [preprocessing]: GROUND_REMOVAL_LATENCY: 20 ms
[INFO] [1775237306.251231413] [preprocessing]: GROUND_REMOVAL_LATENCY: 18 ms
[INFO] [1775237306.388138623] [preprocessing]: GROUND_REMOVAL_LATENCY: 25 ms
[INFO] [1775237306.445716712] [preprocessing]: GROUND_REMOVAL_LATENCY: 14 ms
[INFO] [1775237306.583557902] [preprocessing]: GROUND_REMOVAL_LATENCY: 16 ms
[INFO] [1775237306.669082509] [preprocessing]: GROUND_REMOVAL_LATENCY: 17 ms
[INFO] [1775237306.741701169] [preprocessing]: GROUND_REMOVAL_LATENCY: 13 ms
[INFO] [1775237306.877927644] [preprocessing]: GROUND_REMOVAL_LATENCY: 12 ms
[INFO] [1775237306.942692740] [preprocessing]: GROUND_REMOVAL_LATENCY: 13 ms
[INFO] [1775237307.073455301] [preprocessing]: GROUND_REMOVAL_LATENCY: 11 ms
[INFO] [1775237307.139623117] [preprocessing]: GROUND_REMOVAL_LATENCY: 10 ms
[INFO] [1775237307.250512055] [preprocessing]: GROUND_REMOVAL_LATENCY: 12 ms
[INFO] [1775237307.355780226] [preprocessing]: GROUND_REMOVAL_LATENCY: 26 ms
[INFO] [1775237307.468306629] [preprocessing]: GROUND_REMOVAL_LATENCY: 11 ms
[INFO] [1775237307.538080046] [preprocessing]: GROUND_REMOVAL_LATENCY: 14 ms
[INFO] [1775237307.678378581] [preprocessing]: GROUND_REMOVAL_LATENCY: 24 ms
[INFO] [1775237307.751569574] [preprocessing]: GROUND_REMOVAL_LATENCY: 21 ms
[INFO] [1775237307.875610317] [preprocessing]: GROUND_REMOVAL_LATENCY: 17 ms
[INFO] [1775237307.947162372] [preprocessing]: GROUND_REMOVAL_LATENCY: 15 ms
[INFO] [1775237308.066944952] [preprocessing]: GROUND_REMOVAL_LATENCY: 19 ms
[INFO] [1775237308.164499100] [preprocessing]: GROUND_REMOVAL_LATENCY: 27 ms
[INFO] [1775237308.283715449] [preprocessing]: GROUND_REMOVAL_LATENCY: 35 ms
[INFO] [1775237308.385136209] [preprocessing]: GROUND_REMOVAL_LATENCY: 46 ms
[INFO] [1775237308.495757931] [preprocessing]: GROUND_REMOVAL_LATENCY: 33 ms
[INFO] [1775237308.547190978] [preprocessing]: GROUND_REMOVAL_LATENCY: 15 ms
[INFO] [1775237308.658999874] [preprocessing]: GROUND_REMOVAL_LATENCY: 15 ms
[INFO] [1775237308.764228554] [preprocessing]: GROUND_REMOVAL_LATENCY: 20 ms
[INFO] [1775237308.873389262] [preprocessing]: GROUND_REMOVAL_LATENCY: 25 ms
[INFO] [1775237308.950786866] [preprocessing]: GROUND_REMOVAL_LATENCY: 20 ms
[INFO] [1775237309.062117595] [preprocessing]: GROUND_REMOVAL_LATENCY: 19 ms
[INFO] [1775237309.152087050] [preprocessing]: GROUND_REMOVAL_LATENCY: 16 ms
[INFO] [1775237309.266928742] [preprocessing]: GROUND_REMOVAL_LATENCY: 12 ms
[INFO] [1775237309.370050925] [preprocessing]: GROUND_REMOVAL_LATENCY: 25 ms
[INFO] [1775237309.471681757] [preprocessing]: GROUND_REMOVAL_LATENCY: 16 ms
[INFO] [1775237309.569591146] [preprocessing]: GROUND_REMOVAL_LATENCY: 31 ms
[INFO] [1775237309.691088574] [preprocessing]: GROUND_REMOVAL_LATENCY: 34 ms
[INFO] [1775237309.752516245] [preprocessing]: GROUND_REMOVAL_LATENCY: 15 ms
[INFO] [1775237309.895251077] [preprocessing]: GROUND_REMOVAL_LATENCY: 32 ms
[INFO] [1775237309.962675067] [preprocessing]: GROUND_REMOVAL_LATENCY: 27 ms
[INFO] [1775237310.055196876] [preprocessing]: GROUND_REMOVAL_LATENCY: 15 ms
[INFO] [1775237310.169193090] [preprocessing]: GROUND_REMOVAL_LATENCY: 29 ms
[INFO] [1775237310.280599669] [preprocessing]: GROUND_REMOVAL_LATENCY: 26 ms
[INFO] [1775237310.347388909] [preprocessing]: GROUND_REMOVAL_LATENCY: 14 ms
[INFO] [1775237310.497767433] [preprocessing]: GROUND_REMOVAL_LATENCY: 36 ms
[INFO] [1775237310.571659965] [preprocessing]: GROUND_REMOVAL_LATENCY: 20 ms
[INFO] [1775237310.652991929] [preprocessing]: GROUND_REMOVAL_LATENCY: 21 ms
[INFO] [1775237310.768270315] [preprocessing]: GROUND_REMOVAL_LATENCY: 15 ms
[INFO] [1775237310.869757430] [preprocessing]: GROUND_REMOVAL_LATENCY: 20 ms
[INFO] [1775237310.970804894] [preprocessing]: GROUND_REMOVAL_LATENCY: 29 ms
[INFO] [1775237311.086951514] [preprocessing]: GROUND_REMOVAL_LATENCY: 20 ms
[INFO] [1775237311.148222959] [preprocessing]: GROUND_REMOVAL_LATENCY: 16 ms
[INFO] [1775237311.274812593] [preprocessing]: GROUND_REMOVAL_LATENCY: 18 ms
[INFO] [1775237311.342764099] [preprocessing]: GROUND_REMOVAL_LATENCY: 11 ms
[INFO] [1775237311.469980528] [preprocessing]: GROUND_REMOVAL_LATENCY: 22 ms
[INFO] [1775237311.545332418] [preprocessing]: GROUND_REMOVAL_LATENCY: 14 ms
[INFO] [1775237311.684651377] [preprocessing]: GROUND_REMOVAL_LATENCY: 17 ms
[INFO] [1775237311.761727320] [preprocessing]: GROUND_REMOVAL_LATENCY: 22 ms
[INFO] [1775237311.892844196] [preprocessing]: GROUND_REMOVAL_LATENCY: 29 ms
[INFO] [1775237311.992993921] [preprocessing]: GROUND_REMOVAL_LATENCY: 18 ms
[INFO] [1775237312.069038184] [preprocessing]: GROUND_REMOVAL_LATENCY: 34 ms
[INFO] [1775237312.190550158] [preprocessing]: GROUND_REMOVAL_LATENCY: 32 ms
[INFO] [1775237312.241650979] [preprocessing]: GROUND_REMOVAL_LATENCY: 11 ms
[INFO] [1775237312.381666023] [preprocessing]: GROUND_REMOVAL_LATENCY: 37 ms
[INFO] [1775237312.445560852] [preprocessing]: GROUND_REMOVAL_LATENCY: 14 ms
[INFO] [1775237312.576104203] [preprocessing]: GROUND_REMOVAL_LATENCY: 21 ms
[INFO] [1775237312.651584269] [preprocessing]: GROUND_REMOVAL_LATENCY: 11 ms
[INFO] [1775237312.753021895] [preprocessing]: GROUND_REMOVAL_LATENCY: 12 ms
[INFO] [1775237312.870246703] [preprocessing]: GROUND_REMOVAL_LATENCY: 21 ms
[INFO] [1775237312.954020885] [preprocessing]: GROUND_REMOVAL_LATENCY: 22 ms
[INFO] [1775237313.088333505] [preprocessing]: GROUND_REMOVAL_LATENCY: 31 ms
[INFO] [1775237313.149212726] [preprocessing]: GROUND_REMOVAL_LATENCY: 17 ms
[INFO] [1775237313.283408664] [preprocessing]: GROUND_REMOVAL_LATENCY: 20 ms
[INFO] [1775237313.362808630] [preprocessing]: GROUND_REMOVAL_LATENCY: 23 ms
[INFO] [1775237313.481056054] [preprocessing]: GROUND_REMOVAL_LATENCY: 27 ms
[INFO] [1775237313.567334696] [preprocessing]: GROUND_REMOVAL_LATENCY: 21 ms
[INFO] [1775237313.687056811] [preprocessing]: GROUND_REMOVAL_LATENCY: 17 ms
[INFO] [1775237313.753489504] [preprocessing]: GROUND_REMOVAL_LATENCY: 22 ms
[INFO] [1775237313.863922097] [preprocessing]: GROUND_REMOVAL_LATENCY: 21 ms
[INFO] [1775237313.972802091] [preprocessing]: GROUND_REMOVAL_LATENCY: 12 ms
[INFO] [1775237314.047093783] [preprocessing]: GROUND_REMOVAL_LATENCY: 15 ms
[INFO] [1775237314.146080275] [preprocessing]: GROUND_REMOVAL_LATENCY: 13 ms
[INFO] [1775237314.263175072] [preprocessing]: GROUND_REMOVAL_LATENCY: 27 ms
[INFO] [1775237314.387746914] [preprocessing]: GROUND_REMOVAL_LATENCY: 37 ms
[INFO] [1775237314.489282078] [preprocessing]: GROUND_REMOVAL_LATENCY: 44 ms
[INFO] [1775237314.581925506] [preprocessing]: GROUND_REMOVAL_LATENCY: 31 ms
[INFO] [1775237314.665746843] [preprocessing]: GROUND_REMOVAL_LATENCY: 18 ms
[INFO] [1775237314.773728574] [preprocessing]: GROUND_REMOVAL_LATENCY: 26 ms
[INFO] [1775237314.896656556] [preprocessing]: GROUND_REMOVAL_LATENCY: 33 ms
[INFO] [1775237314.985746855] [preprocessing]: GROUND_REMOVAL_LATENCY: 37 ms
[INFO] [1775237315.106672111] [preprocessing]: GROUND_REMOVAL_LATENCY: 58 ms
[INFO] [1775237315.150696074] [preprocessing]: GROUND_REMOVAL_LATENCY: 20 ms
[INFO] [1775237315.279069166] [preprocessing]: GROUND_REMOVAL_LATENCY: 19 ms
[INFO] [1775237315.386176830] [preprocessing]: GROUND_REMOVAL_LATENCY: 36 ms
[INFO] [1775237315.442063111] [preprocessing]: GROUND_REMOVAL_LATENCY: 16 ms
[INFO] [1775237315.622777848] [preprocessing]: GROUND_REMOVAL_LATENCY: 42 ms
[INFO] [1775237315.649973111] [preprocessing]: GROUND_REMOVAL_LATENCY: 13 ms
[INFO] [1775237315.804471850] [preprocessing]: GROUND_REMOVAL_LATENCY: 30 ms
[INFO] [1775237315.878264275] [preprocessing]: GROUND_REMOVAL_LATENCY: 21 ms
[INFO] [1775237316.012825081] [preprocessing]: GROUND_REMOVAL_LATENCY: 39 ms
[INFO] [1775237316.090648586] [preprocessing]: GROUND_REMOVAL_LATENCY: 27 ms
[INFO] [1775237316.194371978] [preprocessing]: GROUND_REMOVAL_LATENCY: 25 ms
[INFO] [1775237316.274073907] [preprocessing]: GROUND_REMOVAL_LATENCY: 26 ms
[INFO] [1775237316.402303507] [preprocessing]: GROUND_REMOVAL_LATENCY: 40 ms
[INFO] [1775237316.469541846] [preprocessing]: GROUND_REMOVAL_LATENCY: 26 ms
[INFO] [1775237316.574722312] [preprocessing]: GROUND_REMOVAL_LATENCY: 36 ms
[INFO] [1775237316.698041137] [preprocessing]: GROUND_REMOVAL_LATENCY: 54 ms
[INFO] [1775237316.778092868] [preprocessing]: GROUND_REMOVAL_LATENCY: 18 ms
[INFO] [1775237316.874530222] [preprocessing]: GROUND_REMOVAL_LATENCY: 30 ms
[INFO] [1775237316.995461248] [preprocessing]: GROUND_REMOVAL_LATENCY: 32 ms
[INFO] [1775237317.077875740] [preprocessing]: GROUND_REMOVAL_LATENCY: 34 ms
[INFO] [1775237317.191489442] [preprocessing]: GROUND_REMOVAL_LATENCY: 23 ms
[INFO] [1775237317.261641635] [preprocessing]: GROUND_REMOVAL_LATENCY: 26 ms
[INFO] [1775237317.403270063] [preprocessing]: GROUND_REMOVAL_LATENCY: 32 ms
[INFO] [1775237317.450189727] [preprocessing]: GROUND_REMOVAL_LATENCY: 19 ms
[INFO] [1775237317.606164393] [preprocessing]: GROUND_REMOVAL_LATENCY: 47 ms
[INFO] [1775237317.637484150] [preprocessing]: GROUND_REMOVAL_LATENCY: 16 ms
[INFO] [1775237317.757479086] [preprocessing]: GROUND_REMOVAL_LATENCY: 18 ms
[INFO] [1775237317.876132915] [preprocessing]: GROUND_REMOVAL_LATENCY: 21 ms
[INFO] [1775237320.233327522] [preprocessing]: GROUND_REMOVAL_LATENCY: 14 ms
[INFO] [1775237320.368684513] [preprocessing]: GROUND_REMOVAL_LATENCY: 18 ms
[INFO] [1775237320.458215039] [preprocessing]: GROUND_REMOVAL_LATENCY: 27 ms
[INFO] [1775237320.578715053] [preprocessing]: GROUND_REMOVAL_LATENCY: 38 ms
[INFO] [1775237320.647949235] [preprocessing]: GROUND_REMOVAL_LATENCY: 25 ms
[INFO] [1775237320.790307628] [preprocessing]: GROUND_REMOVAL_LATENCY: 35 ms
[INFO] [1775237320.848033575] [preprocessing]: GROUND_REMOVAL_LATENCY: 25 ms
[INFO] [1775237321.024326195] [preprocessing]: GROUND_REMOVAL_LATENCY: 63 ms
